12:53:15.587 [TestNG-tests-1] INFO  - browser name is: chrome
12:53:15.593 [TestNG-tests-1] INFO  - Running it on chrome browser....
12:53:15.593 [TestNG-tests-1] INFO  - running it on local
==
[INFO ] 2024-01-30 12:54:37.430 [TestNG-tests-1] DriverFactory - browser name is: chrome
[INFO ] 2024-01-30 12:54:37.436 [TestNG-tests-1] DriverFactory - Running it on chrome browser....
[INFO ] 2024-01-30 12:54:37.436 [TestNG-tests-1] DriverFactory - running it on local
[INFO ] 2024-01-30 14:45:37.507 [TestNG-tests-1] DriverFactory - browser name is: chrome
[INFO ] 2024-01-30 14:45:37.517 [TestNG-tests-1] DriverFactory - Running it on chrome browser....
[INFO ] 2024-01-30 14:45:37.518 [TestNG-tests-1] DriverFactory - running it on local
[INFO ] 2024-01-30 14:46:25.027 [TestNG-tests-1] DriverFactory - browser name is: chrome
[INFO ] 2024-01-30 14:46:25.033 [TestNG-tests-1] DriverFactory - Running it on chrome browser....
[INFO ] 2024-01-30 14:49:46.592 [TestNG-tests-1] DriverFactory - browser name is: chrome
[INFO ] 2024-01-30 14:49:46.636 [TestNG-tests-1] DriverFactory - Running it on chrome browser....
[INFO ] 2024-01-30 14:50:12.806 [TestNG-tests-1] DriverFactory - browser name is: chrome
[INFO ] 2024-01-30 14:50:12.815 [TestNG-tests-1] DriverFactory - Running it on chrome browser....
[INFO ] 2024-01-30 14:50:55.496 [TestNG-tests-2] DriverFactory - browser name is: chrome
[INFO ] 2024-01-30 14:50:55.496 [TestNG-tests-1] DriverFactory - browser name is: chrome
[INFO ] 2024-01-30 14:50:55.505 [TestNG-tests-2] DriverFactory - Running it on chrome browser....
[INFO ] 2024-01-30 14:50:55.505 [TestNG-tests-1] DriverFactory - Running it on chrome browser....
[INFO ] 2024-01-30 14:51:29.171 [TestNG-tests-1] DriverFactory - browser name is: chrome
[INFO ] 2024-01-30 14:51:29.171 [TestNG-tests-2] DriverFactory - browser name is: chrome
[INFO ] 2024-01-30 14:51:29.180 [TestNG-tests-1] DriverFactory - Running it on chrome browser....
[INFO ] 2024-01-30 14:51:29.198 [TestNG-tests-2] DriverFactory - Running it on chrome browser....
[INFO ] 2024-01-30 16:32:16.451 [TestNG-tests-1] DriverFactory - browser name is: chrome
[INFO ] 2024-01-30 16:32:16.452 [TestNG-tests-2] DriverFactory - browser name is: firefox
[INFO ] 2024-01-30 16:32:16.463 [TestNG-tests-2] DriverFactory - Running it on firefox browser....
[INFO ] 2024-01-30 16:32:16.463 [TestNG-tests-1] DriverFactory - Running it on chrome browser....
[INFO ] 2024-02-01 11:52:07.958 [TestNG-tests-1] DriverFactory - browser name is: chrome
[INFO ] 2024-02-01 11:52:07.959 [TestNG-tests-2] DriverFactory - browser name is: firefox
[INFO ] 2024-02-01 11:52:07.967 [TestNG-tests-2] DriverFactory - Running it on firefox browser....
[INFO ] 2024-02-01 11:52:07.969 [TestNG-tests-1] DriverFactory - Running it on chrome browser....
[INFO ] 2024-02-01 11:54:22.952 [TestNG-tests-2] DriverFactory - browser name is: firefox
[INFO ] 2024-02-01 11:54:22.951 [TestNG-tests-1] DriverFactory - browser name is: chrome
[INFO ] 2024-02-01 11:54:22.960 [TestNG-tests-1] DriverFactory - Running it on chrome browser....
[INFO ] 2024-02-01 11:54:22.960 [TestNG-tests-2] DriverFactory - Running it on firefox browser....
[INFO ] 2024-02-01 12:03:34.402 [TestNG-tests-1] DriverFactory - browser name is: chrome
[INFO ] 2024-02-01 12:03:34.402 [TestNG-tests-2] DriverFactory - browser name is: firefox
[INFO ] 2024-02-01 12:03:34.412 [TestNG-tests-1] DriverFactory - Running it on chrome browser....
[INFO ] 2024-02-01 12:03:34.412 [TestNG-tests-2] DriverFactory - Running it on firefox browser....
[INFO ] 2024-02-02 12:42:06.817 [TestNG-tests-2] DriverFactory - browser name is: firefox
[INFO ] 2024-02-02 12:42:06.817 [TestNG-tests-1] DriverFactory - browser name is: chrome
[INFO ] 2024-02-02 12:42:06.824 [TestNG-tests-1] DriverFactory - Running it on chrome browser....
[INFO ] 2024-02-02 12:42:06.824 [TestNG-tests-2] DriverFactory - Running it on firefox browser....
[INFO ] 2024-02-06 22:31:35.315 [TestNG-tests-2] DriverFactory - browser name is: firefox
[INFO ] 2024-02-06 22:31:35.315 [TestNG-tests-1] DriverFactory - browser name is: chrome
[INFO ] 2024-02-06 22:31:35.327 [TestNG-tests-1] DriverFactory - Running it on chrome browser....
[INFO ] 2024-02-06 22:31:35.327 [TestNG-tests-2] DriverFactory - Running it on firefox browser....
[INFO ] 2024-02-06 22:32:21.797 [TestNG-tests-1] DriverFactory - browser name is: chrome
[INFO ] 2024-02-06 22:32:21.797 [TestNG-tests-2] DriverFactory - browser name is: firefox
[INFO ] 2024-02-06 22:32:21.806 [TestNG-tests-1] DriverFactory - Running it on chrome browser....
[INFO ] 2024-02-06 22:32:21.806 [TestNG-tests-2] DriverFactory - Running it on firefox browser....
[INFO ] 2024-02-06 22:32:21.806 [TestNG-tests-1] DriverFactory - running it on local
[INFO ] 2024-02-06 22:33:05.594 [TestNG-tests-1] DriverFactory - browser name is: chrome
[INFO ] 2024-02-06 22:33:05.594 [TestNG-tests-2] DriverFactory - browser name is: firefox
[INFO ] 2024-02-06 22:33:05.603 [TestNG-tests-1] DriverFactory - Running it on chrome browser....
[INFO ] 2024-02-06 22:33:05.603 [TestNG-tests-2] DriverFactory - Running it on firefox browser....
[INFO ] 2024-02-06 22:33:05.603 [TestNG-tests-1] DriverFactory - running it on local
[INFO ] 2024-02-06 22:33:59.687 [TestNG-tests-2] DriverFactory - browser name is: chrome
[INFO ] 2024-02-06 22:33:59.696 [TestNG-tests-2] DriverFactory - Running it on chrome browser....
[INFO ] 2024-02-06 22:33:59.696 [TestNG-tests-2] DriverFactory - running it on local
[INFO ] 2024-02-06 22:33:59.726 [TestNG-tests-1] DriverFactory - browser name is: edge
[INFO ] 2024-02-06 22:33:59.727 [TestNG-tests-1] DriverFactory - Running it on edge browser....
[INFO ] 2024-02-06 22:37:20.439 [TestNG-tests-1] DriverFactory - browser name is: edge
[INFO ] 2024-02-06 22:37:20.439 [TestNG-tests-2] DriverFactory - browser name is: chrome
[INFO ] 2024-02-06 22:37:20.449 [TestNG-tests-1] DriverFactory - Running it on edge browser....
[INFO ] 2024-02-06 22:37:20.449 [TestNG-tests-2] DriverFactory - Running it on chrome browser....
[INFO ] 2024-02-06 22:37:20.449 [TestNG-tests-2] DriverFactory - running it on local
[INFO ] 2024-02-06 22:40:00.652 [TestNG-tests-2] DriverFactory - browser name is: chrome
[INFO ] 2024-02-06 22:40:00.652 [TestNG-tests-1] DriverFactory - browser name is: edge
[INFO ] 2024-02-06 22:40:00.660 [TestNG-tests-1] DriverFactory - Running it on edge browser....
[INFO ] 2024-02-06 22:40:00.660 [TestNG-tests-2] DriverFactory - Running it on chrome browser....
[INFO ] 2024-02-06 22:40:00.660 [TestNG-tests-2] DriverFactory - running it on local
[INFO ] 2024-02-06 22:45:28.959 [TestNG-tests-2] DriverFactory - browser name is: chrome
[INFO ] 2024-02-06 22:45:28.959 [TestNG-tests-1] DriverFactory - browser name is: edge
[INFO ] 2024-02-06 22:45:28.968 [TestNG-tests-2] DriverFactory - Running it on chrome browser....
[INFO ] 2024-02-06 22:45:28.968 [TestNG-tests-1] DriverFactory - Running it on edge browser....
[INFO ] 2024-02-06 22:45:28.968 [TestNG-tests-2] DriverFactory - running it on local
[INFO ] 2024-02-07 23:17:35.505 [TestNG-tests-2] DriverFactory - browser name is: chrome
[INFO ] 2024-02-07 23:17:35.525 [TestNG-tests-2] DriverFactory - Running it on chrome browser....
[INFO ] 2024-02-07 23:17:35.526 [TestNG-tests-2] DriverFactory - running it on local
[INFO ] 2024-02-07 23:17:35.520 [TestNG-tests-1] DriverFactory - browser name is: edge
[INFO ] 2024-02-07 23:17:35.541 [TestNG-tests-1] DriverFactory - Running it on edge browser....
[INFO ] 2024-02-07 23:37:24.850 [TestNG-tests-2] DriverFactory - browser name is: chrome
[INFO ] 2024-02-07 23:37:24.850 [TestNG-tests-1] DriverFactory - browser name is: edge
[INFO ] 2024-02-07 23:37:24.866 [TestNG-tests-2] DriverFactory - Running it on chrome browser....
[INFO ] 2024-02-07 23:37:24.866 [TestNG-tests-1] DriverFactory - Running it on edge browser....
[INFO ] 2024-02-07 23:37:24.866 [TestNG-tests-2] DriverFactory - running it on local
[INFO ] 2024-02-08 21:40:25.034 [TestNG-tests-2] DriverFactory - browser name is: chrome
[INFO ] 2024-02-08 21:40:25.034 [TestNG-tests-1] DriverFactory - browser name is: edge
[INFO ] 2024-02-08 21:40:25.046 [TestNG-tests-1] DriverFactory - Running it on edge browser....
[INFO ] 2024-02-08 21:40:25.046 [TestNG-tests-2] DriverFactory - Running it on chrome browser....
[INFO ] 2024-02-14 11:26:57.382 [TestNG-tests-2] DriverFactory - browser name is: chrome
[INFO ] 2024-02-14 11:26:57.382 [TestNG-tests-1] DriverFactory - browser name is: edge
[INFO ] 2024-02-14 11:26:57.392 [TestNG-tests-1] DriverFactory - Running it on edge browser....
[INFO ] 2024-02-14 11:26:57.392 [TestNG-tests-2] DriverFactory - Running it on chrome browser....
[INFO ] 2024-02-14 11:28:48.933 [TestNG-tests-1] DriverFactory - browser name is: edge
[INFO ] 2024-02-14 11:28:48.933 [TestNG-tests-2] DriverFactory - browser name is: chrome
[INFO ] 2024-02-14 11:28:48.941 [TestNG-tests-1] DriverFactory - Running it on edge browser....
[INFO ] 2024-02-14 11:28:48.941 [TestNG-tests-2] DriverFactory - Running it on chrome browser....
[INFO ] 2024-02-16 11:17:02.840 [TestNG-tests-1] DriverFactory - browser name is: edge
[INFO ] 2024-02-16 11:17:02.840 [TestNG-tests-2] DriverFactory - browser name is: chrome
[INFO ] 2024-02-16 11:17:02.854 [TestNG-tests-2] DriverFactory - Running it on chrome browser....
[INFO ] 2024-02-16 11:17:02.857 [TestNG-tests-1] DriverFactory - Running it on edge browser....
[INFO ] 2024-02-16 11:17:50.452 [TestNG-tests-1] DriverFactory - browser name is: edge
[INFO ] 2024-02-16 11:17:50.454 [TestNG-tests-2] DriverFactory - browser name is: chrome
[INFO ] 2024-02-16 11:17:50.460 [TestNG-tests-1] DriverFactory - Running it on edge browser....
[INFO ] 2024-02-16 11:17:50.461 [TestNG-tests-2] DriverFactory - Running it on chrome browser....
[INFO ] 2024-02-16 11:17:50.461 [TestNG-tests-2] DriverFactory - running it on local
[INFO ] 2024-02-21 10:49:53.894 [TestNG-tests-1] DriverFactory - browser name is: edge
[INFO ] 2024-02-21 10:49:53.894 [TestNG-tests-2] DriverFactory - browser name is: chrome
[INFO ] 2024-02-21 10:49:53.904 [TestNG-tests-2] DriverFactory - Running it on chrome browser....
[INFO ] 2024-02-21 10:49:53.904 [TestNG-tests-1] DriverFactory - Running it on edge browser....
[INFO ] 2024-02-22 17:01:38.771 [TestNG-tests-2] DriverFactory - browser name is: chrome
[INFO ] 2024-02-22 17:01:38.771 [TestNG-tests-1] DriverFactory - browser name is: edge
[INFO ] 2024-02-22 17:01:38.785 [TestNG-tests-2] DriverFactory - Running it on chrome browser....
[INFO ] 2024-02-22 17:01:38.785 [TestNG-tests-1] DriverFactory - Running it on edge browser....
[INFO ] 2024-02-22 17:01:38.785 [TestNG-tests-2] DriverFactory - running it on local
[INFO ] 2024-02-22 17:16:08.647 [TestNG-tests-1] DriverFactory - browser name is: edge
[INFO ] 2024-02-22 17:16:08.647 [TestNG-tests-2] DriverFactory - browser name is: chrome
[INFO ] 2024-02-22 17:16:08.679 [TestNG-tests-1] DriverFactory - Running it on edge browser....
[INFO ] 2024-02-22 17:16:08.679 [TestNG-tests-2] DriverFactory - Running it on chrome browser....
[INFO ] 2024-02-22 17:16:08.679 [TestNG-tests-2] DriverFactory - running it on local
[INFO ] 2024-03-19 12:39:29.126 [TestNG-tests-1] DriverFactory - browser name is: chrome
[INFO ] 2024-03-19 12:39:29.142 [TestNG-tests-1] DriverFactory - Running it on chrome browser....
[INFO ] 2024-03-19 12:39:29.142 [TestNG-tests-1] DriverFactory - running it on local
[INFO ] 2024-03-19 12:39:58.007 [TestNG-tests-1] DriverFactory - browser name is: chrome
[INFO ] 2024-03-19 12:39:58.021 [TestNG-tests-1] DriverFactory - Running it on chrome browser....
[INFO ] 2024-03-19 12:39:58.021 [TestNG-tests-1] DriverFactory - running it on local
[INFO ] 2024-03-19 12:40:55.443 [TestNG-tests-1] DriverFactory - browser name is: chrome
[INFO ] 2024-03-19 12:40:55.454 [TestNG-tests-1] DriverFactory - Running it on chrome browser....
[INFO ] 2024-03-19 12:40:55.454 [TestNG-tests-1] DriverFactory - running it on local
[INFO ] 2024-03-19 12:41:37.410 [TestNG-tests-1] DriverFactory - browser name is: chrome
[INFO ] 2024-03-19 12:41:37.422 [TestNG-tests-1] DriverFactory - Running it on chrome browser....
[INFO ] 2024-03-19 12:41:37.422 [TestNG-tests-1] DriverFactory - running it on local
[INFO ] 2024-03-19 12:42:10.561 [TestNG-tests-1] DriverFactory - browser name is: chrome
[INFO ] 2024-03-19 12:42:10.580 [TestNG-tests-1] DriverFactory - Running it on chrome browser....
[INFO ] 2024-03-19 12:42:10.582 [TestNG-tests-1] DriverFactory - running it on local
[INFO ] 2024-03-19 12:44:56.041 [TestNG-tests-1] DriverFactory - browser name is: chrome
[INFO ] 2024-03-19 12:44:56.062 [TestNG-tests-1] DriverFactory - Running it on chrome browser....
[INFO ] 2024-03-19 12:47:34.923 [TestNG-tests-1] DriverFactory - browser name is: chrome
[INFO ] 2024-03-19 12:47:34.942 [TestNG-tests-1] DriverFactory - Running it on chrome browser....
[INFO ] 2024-03-19 12:48:21.246 [TestNG-tests-1] DriverFactory - browser name is: chrome
[INFO ] 2024-03-19 12:48:21.268 [TestNG-tests-1] DriverFactory - Running it on chrome browser....
[INFO ] 2024-03-19 12:50:40.187 [TestNG-tests-1] DriverFactory - browser name is: chrome
[INFO ] 2024-03-19 12:50:40.204 [TestNG-tests-1] DriverFactory - Running it on chrome browser....
[INFO ] 2024-03-19 12:50:40.204 [TestNG-tests-1] DriverFactory - running it on local
[INFO ] 2024-03-19 12:51:47.765 [TestNG-tests-1] DriverFactory - browser name is: chrome
[INFO ] 2024-03-19 12:51:47.777 [TestNG-tests-1] DriverFactory - Running it on chrome browser....
[INFO ] 2024-03-19 12:51:47.777 [TestNG-tests-1] DriverFactory - running it on local
[INFO ] 2024-03-19 12:58:10.240 [TestNG-tests-1] DriverFactory - browser name is: chrome
[INFO ] 2024-03-19 12:58:10.252 [TestNG-tests-1] DriverFactory - Running it on chrome browser....
[INFO ] 2024-03-19 12:58:10.253 [TestNG-tests-1] DriverFactory - running it on local
[INFO ] 2024-03-19 12:59:36.735 [TestNG-tests-1] DriverFactory - browser name is: chrome
[INFO ] 2024-03-19 12:59:36.745 [TestNG-tests-1] DriverFactory - Running it on chrome browser....
[INFO ] 2024-03-19 12:59:36.746 [TestNG-tests-1] DriverFactory - running it on local
[INFO ] 2024-03-19 13:43:16.543 [TestNG-tests-1] DriverFactory - browser name is: chrome
[INFO ] 2024-03-19 13:43:16.555 [TestNG-tests-1] DriverFactory - Running it on chrome browser....
[INFO ] 2024-03-19 13:43:16.555 [TestNG-tests-1] DriverFactory - running it on local
[INFO ] 2024-03-19 13:45:32.483 [TestNG-tests-1] DriverFactory - browser name is: edge
[INFO ] 2024-03-19 13:45:32.490 [TestNG-tests-1] DriverFactory - Running it on edge browser....
[INFO ] 2024-03-19 13:50:11.803 [TestNG-tests-1] DriverFactory - browser name is: edge
[INFO ] 2024-03-19 13:50:11.814 [TestNG-tests-1] DriverFactory - Running it on edge browser....
[INFO ] 2024-03-19 13:53:33.445 [TestNG-tests-1] DriverFactory - browser name is: edge
[INFO ] 2024-03-19 13:53:33.454 [TestNG-tests-1] DriverFactory - Running it on edge browser....
[INFO ] 2024-03-19 13:55:00.702 [TestNG-tests-1] DriverFactory - browser name is: edge
[INFO ] 2024-03-19 13:55:00.721 [TestNG-tests-1] DriverFactory - Running it on edge browser....
[INFO ] 2024-03-19 13:55:26.278 [TestNG-tests-1] DriverFactory - browser name is: edge
[INFO ] 2024-03-19 13:55:26.286 [TestNG-tests-1] DriverFactory - Running it on edge browser....
[INFO ] 2024-03-19 13:56:32.755 [TestNG-tests-1] DriverFactory - browser name is: edge
[INFO ] 2024-03-19 13:56:32.762 [TestNG-tests-1] DriverFactory - Running it on edge browser....
[INFO ] 2024-03-19 13:57:12.345 [TestNG-tests-1] DriverFactory - browser name is: edge
[INFO ] 2024-03-19 13:57:12.358 [TestNG-tests-1] DriverFactory - Running it on edge browser....
[INFO ] 2024-03-19 13:58:53.774 [TestNG-tests-1] DriverFactory - browser name is: edge
[INFO ] 2024-03-19 13:58:53.782 [TestNG-tests-1] DriverFactory - Running it on edge browser....
[INFO ] 2024-03-19 14:01:38.169 [TestNG-tests-1] DriverFactory - browser name is: edge
[INFO ] 2024-03-19 14:01:38.176 [TestNG-tests-1] DriverFactory - Running it on edge browser....
[INFO ] 2024-03-19 14:24:16.111 [TestNG-tests-1] DriverFactory - browser name is: edge
[INFO ] 2024-03-19 14:24:16.123 [TestNG-tests-1] DriverFactory - Running it on edge browser....
[INFO ] 2024-03-19 14:26:35.232 [TestNG-tests-1] DriverFactory - browser name is: edge
[INFO ] 2024-03-19 14:26:35.240 [TestNG-tests-1] DriverFactory - Running it on edge browser....
[INFO ] 2024-03-19 14:32:53.495 [TestNG-tests-1] DriverFactory - browser name is: chrome
[INFO ] 2024-03-19 14:32:53.503 [TestNG-tests-1] DriverFactory - Running it on chrome browser....
[INFO ] 2024-03-19 14:32:53.503 [TestNG-tests-1] DriverFactory - running it on local
[INFO ] 2024-03-19 14:38:53.377 [TestNG-tests-1] DriverFactory - browser name is: chrome
[INFO ] 2024-03-19 14:38:53.386 [TestNG-tests-1] DriverFactory - Running it on chrome browser....
[INFO ] 2024-03-19 14:38:53.386 [TestNG-tests-1] DriverFactory - running it on local
[INFO ] 2024-03-19 14:39:37.934 [TestNG-tests-1] DriverFactory - browser name is: chrome
[INFO ] 2024-03-19 14:39:37.945 [TestNG-tests-1] DriverFactory - Running it on chrome browser....
[INFO ] 2024-03-19 14:39:37.945 [TestNG-tests-1] DriverFactory - running it on local
[INFO ] 2024-03-19 14:40:43.442 [TestNG-tests-1] DriverFactory - browser name is: chrome
[INFO ] 2024-03-19 14:40:43.460 [TestNG-tests-1] DriverFactory - Running it on chrome browser....
[INFO ] 2024-03-19 14:40:43.460 [TestNG-tests-1] DriverFactory - running it on local
[INFO ] 2024-03-19 14:43:13.768 [TestNG-tests-1] DriverFactory - browser name is: chrome
[INFO ] 2024-03-19 14:43:13.776 [TestNG-tests-1] DriverFactory - Running it on chrome browser....
[INFO ] 2024-03-19 14:43:13.776 [TestNG-tests-1] DriverFactory - running it on local
[INFO ] 2024-03-19 14:44:17.837 [TestNG-tests-1] DriverFactory - browser name is: chrome
[INFO ] 2024-03-19 14:44:17.847 [TestNG-tests-1] DriverFactory - Running it on chrome browser....
[INFO ] 2024-03-19 14:44:17.847 [TestNG-tests-1] DriverFactory - running it on local
[INFO ] 2024-03-19 14:45:24.842 [TestNG-tests-1] DriverFactory - browser name is: chrome
[INFO ] 2024-03-19 14:45:24.853 [TestNG-tests-1] DriverFactory - Running it on chrome browser....
[INFO ] 2024-03-19 14:45:24.853 [TestNG-tests-1] DriverFactory - running it on local
[INFO ] 2024-03-19 14:46:30.714 [TestNG-tests-1] DriverFactory - browser name is: chrome
[INFO ] 2024-03-19 14:46:30.724 [TestNG-tests-1] DriverFactory - Running it on chrome browser....
[INFO ] 2024-03-19 14:46:30.724 [TestNG-tests-1] DriverFactory - running it on local
[INFO ] 2024-03-19 14:48:20.149 [TestNG-tests-1] DriverFactory - browser name is: chrome
[INFO ] 2024-03-19 14:48:20.155 [TestNG-tests-1] DriverFactory - Running it on chrome browser....
[INFO ] 2024-03-19 14:48:20.155 [TestNG-tests-1] DriverFactory - running it on local
[INFO ] 2024-03-19 14:50:45.164 [TestNG-tests-1] DriverFactory - browser name is: chrome
[INFO ] 2024-03-19 14:50:45.174 [TestNG-tests-1] DriverFactory - Running it on chrome browser....
[INFO ] 2024-03-19 14:50:45.174 [TestNG-tests-1] DriverFactory - running it on local
[INFO ] 2024-03-19 15:03:29.442 [TestNG-tests-1] DriverFactory - browser name is: chrome
[INFO ] 2024-03-19 15:03:29.470 [TestNG-tests-1] DriverFactory - Running it on chrome browser....
[INFO ] 2024-03-19 15:03:29.471 [TestNG-tests-1] DriverFactory - running it on local
[INFO ] 2024-03-19 15:11:32.964 [TestNG-tests-1] DriverFactory - browser name is: chrome
[INFO ] 2024-03-19 15:11:32.981 [TestNG-tests-1] DriverFactory - Running it on chrome browser....
[INFO ] 2024-03-19 15:11:32.981 [TestNG-tests-1] DriverFactory - running it on local
[INFO ] 2024-03-19 15:37:54.056 [TestNG-tests-1] DriverFactory - browser name is: chrome
[INFO ] 2024-03-19 15:37:54.064 [TestNG-tests-1] DriverFactory - Running it on chrome browser....
[INFO ] 2024-03-19 15:37:54.064 [TestNG-tests-1] DriverFactory - running it on local
[INFO ] 2024-03-19 15:40:54.132 [TestNG-tests-1] DriverFactory - browser name is: chrome
[INFO ] 2024-03-19 15:40:54.141 [TestNG-tests-1] DriverFactory - Running it on chrome browser....
[INFO ] 2024-03-19 15:40:54.141 [TestNG-tests-1] DriverFactory - running it on local
[INFO ] 2024-03-19 15:42:00.769 [TestNG-tests-1] DriverFactory - browser name is: chrome
[INFO ] 2024-03-19 15:42:00.777 [TestNG-tests-1] DriverFactory - Running it on chrome browser....
[INFO ] 2024-03-19 15:42:00.777 [TestNG-tests-1] DriverFactory - running it on local
[INFO ] 2024-03-19 15:45:41.239 [TestNG-tests-1] DriverFactory - browser name is: chrome
[INFO ] 2024-03-19 15:45:41.245 [TestNG-tests-1] DriverFactory - Running it on chrome browser....
[INFO ] 2024-03-19 15:45:41.245 [TestNG-tests-1] DriverFactory - running it on local
[INFO ] 2024-03-19 15:51:56.445 [TestNG-tests-1] DriverFactory - browser name is: chrome
[INFO ] 2024-03-19 15:51:56.470 [TestNG-tests-1] DriverFactory - Running it on chrome browser....
[INFO ] 2024-03-19 15:51:56.471 [TestNG-tests-1] DriverFactory - running it on local
[INFO ] 2024-03-19 15:53:00.665 [TestNG-tests-1] DriverFactory - browser name is: chrome
[INFO ] 2024-03-19 15:53:00.670 [TestNG-tests-1] DriverFactory - Running it on chrome browser....
[INFO ] 2024-03-19 15:53:00.670 [TestNG-tests-1] DriverFactory - running it on local
[INFO ] 2024-03-19 15:55:35.912 [TestNG-tests-1] DriverFactory - browser name is: chrome
[INFO ] 2024-03-19 15:55:35.918 [TestNG-tests-1] DriverFactory - Running it on chrome browser....
[INFO ] 2024-03-19 15:55:35.918 [TestNG-tests-1] DriverFactory - running it on local
